SF:lib\handlers\auth.dart
DA:20,0
DA:22,0
DA:24,0
DA:28,0
DA:30,0
DA:31,0
DA:32,0
DA:36,0
DA:37,0
DA:38,0
DA:42,0
DA:43,0
LF:12
LH:0
end_of_record
SF:lib\pages\auth.dart
DA:9,1
DA:11,1
DA:12,1
DA:22,1
DA:23,2
DA:24,1
DA:25,1
DA:31,1
DA:32,1
DA:34,3
DA:37,2
DA:38,2
DA:39,2
DA:40,1
DA:42,0
DA:43,0
DA:44,0
DA:47,0
DA:48,0
DA:53,1
DA:55,0
DA:57,3
DA:60,0
DA:61,0
DA:62,0
DA:63,0
DA:67,0
DA:68,0
DA:69,0
DA:70,0
DA:74,1
DA:76,1
DA:77,1
DA:78,1
DA:80,1
DA:81,1
DA:82,1
DA:83,1
DA:84,1
DA:86,3
DA:93,1
DA:94,1
DA:95,1
DA:96,1
DA:97,1
DA:99,2
DA:101,1
DA:102,1
DA:103,1
DA:106,2
DA:111,1
DA:112,2
DA:113,1
DA:114,1
DA:115,1
DA:116,2
DA:117,1
DA:119,1
DA:120,2
DA:121,1
DA:125,0
DA:126,0
DA:127,0
DA:128,0
DA:130,0
DA:132,0
DA:133,0
LF:67
LH:46
end_of_record
SF:lib\providers\auth-provider.dart
DA:6,1
DA:7,1
DA:11,0
DA:14,1
DA:15,1
LF:5
LH:4
end_of_record
SF:lib\enums\auth_mode.dart
DA:1,3
LF:1
LH:1
end_of_record
SF:lib\utils\validators.dart
DA:4,1
DA:6,1
DA:9,1
DA:10,2
DA:11,1
DA:18,1
DA:19,1
DA:20,2
LF:8
LH:8
end_of_record
