SF:lib\classes\settings.dart
DA:15,1
DA:23,0
DA:24,2
DA:25,0
DA:26,0
DA:28,0
DA:30,0
DA:31,0
DA:32,0
DA:33,0
DA:34,0
DA:35,0
DA:36,0
DA:37,0
DA:38,0
DA:39,0
DA:40,0
DA:41,0
LF:18
LH:2
end_of_record
SF:lib\enums\games.dart
DA:1,6
DA:4,1
DA:5,3
LF:3
LH:3
end_of_record
SF:lib\handlers\game.dart
DA:35,0
DA:43,0
DA:48,0
DA:50,0
DA:52,0
DA:55,0
DA:57,0
DA:58,0
DA:59,0
DA:60,0
DA:67,0
DA:69,0
DA:71,0
DA:72,0
DA:74,0
DA:77,0
DA:78,0
DA:79,0
DA:81,0
DA:83,0
DA:84,0
DA:91,0
DA:92,0
DA:96,0
DA:97,0
DA:98,0
DA:103,0
DA:104,0
DA:105,0
DA:108,0
DA:109,0
DA:111,0
DA:112,0
DA:113,0
DA:114,0
DA:115,0
DA:117,0
DA:119,0
DA:120,0
DA:121,0
DA:122,0
DA:123,0
DA:125,0
DA:129,0
DA:131,0
DA:132,0
DA:136,0
DA:137,0
DA:142,0
DA:145,0
DA:146,0
DA:147,0
DA:148,0
DA:151,0
DA:153,0
DA:161,0
DA:162,0
DA:163,0
LF:58
LH:0
end_of_record
SF:lib\pages\home.dart
DA:8,1
DA:10,1
DA:11,1
DA:34,1
DA:37,2
DA:39,1
DA:40,3
DA:44,1
DA:45,1
DA:46,1
DA:48,1
DA:49,1
DA:50,1
DA:51,1
DA:52,1
DA:53,1
DA:55,1
DA:56,1
DA:57,1
DA:58,1
DA:61,1
DA:63,1
DA:64,1
DA:65,1
DA:66,1
DA:67,1
DA:68,1
DA:69,0
DA:70,1
DA:77,1
DA:79,1
DA:80,3
DA:81,2
DA:82,3
DA:83,3
DA:84,3
DA:91,1
DA:92,2
DA:93,1
DA:94,1
DA:99,1
DA:100,1
DA:103,2
DA:104,1
DA:105,2
DA:108,2
DA:109,2
DA:111,2
DA:112,1
DA:117,2
DA:118,2
DA:120,2
DA:121,1
DA:126,2
DA:127,0
DA:128,0
DA:129,0
DA:131,1
DA:132,1
DA:133,1
DA:134,1
DA:135,1
DA:136,1
DA:137,1
DA:138,1
DA:139,1
DA:140,1
DA:144,1
DA:145,1
DA:146,1
DA:147,2
DA:148,1
DA:152,0
LF:73
LH:68
end_of_record
SF:lib\providers\game-provider.dart
DA:6,1
DA:7,1
DA:11,0
DA:14,1
DA:15,1
LF:5
LH:4
end_of_record
SF:lib\utils\csv_utils.dart
DA:5,0
DA:7,0
DA:10,0
DA:13,0
DA:16,0
DA:24,0
DA:26,0
DA:29,0
DA:33,0
DA:39,0
DA:40,0
DA:44,0
DA:46,0
DA:47,0
DA:49,0
DA:50,0
DA:57,0
DA:59,0
DA:60,0
DA:62,0
DA:63,0
DA:65,0
DA:66,0
LF:23
LH:0
end_of_record
SF:lib\widgets\settings_row.dart
DA:8,1
DA:10,1
DA:11,1
DA:17,1
DA:19,2
DA:22,1
DA:23,1
DA:24,5
DA:25,2
DA:26,4
DA:27,2
DA:28,1
DA:29,6
DA:30,1
DA:31,1
DA:32,1
DA:33,2
DA:34,0
DA:35,1
DA:36,1
DA:37,2
DA:38,1
DA:39,2
DA:40,5
DA:41,1
LF:25
LH:24
end_of_record
